<?xml version="1.0" encoding="utf-8" ?>
<configuration scan="true" scanPeriod="600 seconds" debug="false">
    <property name="LOG_PATH" value="/Users/leone/logs"/>
    <property name="LOG_LAYOUT" value="%d{yyyy-MM-dd HH:mm:ss.SSS} -%5p ${PID:-} [%15.15t] %-40.40logger{39} : %m%n"/>
    <property name="CONSOLE_LOG_PATTERN" value="${CONSOLE_LOG_PATTERN:-%clr(%d{yyyy-MM-dd HH:mm:ss.SSS}){faint} %clr(${LOG_LEVEL_PATTERN:-%5p}) %clr(${PID:- }){magenta} %clr(---){faint} %clr([%15.15t]){faint} %clr(%-40.40logger{39}){cyan} %clr(:){faint} %m%n${LOG_EXCEPTION_CONVERSION_WORD:-%wEx}}"/>

    <conversionRule conversionWord="clr" converterClass="org.springframework.boot.logging.logback.ColorConverter"/>
    <conversionRule conversionWord="wex" converterClass="org.springframework.boot.logging.logback.WhitespaceThrowableProxyConverter"/>
    <conversionRule conversionWord="wEx" converterClass="org.springframework.boot.logging.logback.ExtendedWhitespaceThrowableProxyConverter"/>

    <appender name="STDOUT" class="ch.qos.logback.core.ConsoleAppender">
        <encoder>
            <pattern>${CONSOLE_LOG_PATTERN}</pattern>
            <charset>utf8</charset>
        </encoder>
    </appender>

    <appender name="TEXT" class="ch.qos.logback.core.rolling.RollingFileAppender">
        <file>${LOG_PATH}/text-writing.log</file>
        <rollingPolicy class="ch.qos.logback.core.rolling.TimeBasedRollingPolicy">
            <fileNamePattern>${LOG_PATH}/text-%d{yyyyMMdd}-%i.log</fileNamePattern>
            <MaxHistory>7</MaxHistory>
            <timeBasedFileNamingAndTriggeringPolicy class="ch.qos.logback.core.rolling.SizeAndTimeBasedFNATP">
                <maxFileSize>512kB</maxFileSize>
            </timeBasedFileNamingAndTriggeringPolicy>
        </rollingPolicy>
        <encoder class="ch.qos.logback.classic.encoder.PatternLayoutEncoder">
            <pattern>%msg%n</pattern>
        </encoder>
    </appender>

    <appender name="JSON" class="ch.qos.logback.core.rolling.RollingFileAppender">
        <file>${LOG_PATH}/json-writing.log</file>
        <rollingPolicy class="ch.qos.logback.core.rolling.TimeBasedRollingPolicy">
            <fileNamePattern>${LOG_PATH}/json-%d{yyyyMMdd}-%i.log</fileNamePattern>
            <MaxHistory>7</MaxHistory>
            <timeBasedFileNamingAndTriggeringPolicy class="ch.qos.logback.core.rolling.SizeAndTimeBasedFNATP">
                <maxFileSize>512kB</maxFileSize>
            </timeBasedFileNamingAndTriggeringPolicy>
        </rollingPolicy>
        <encoder class="ch.qos.logback.classic.encoder.PatternLayoutEncoder">
            <!--格式化输出：%d表示日期，%thread表示线程名，%-5level：级别从左显示5个字符宽度%msg：日志消息，%n是换行符-->
            <pattern>%msg%n</pattern>
        </encoder>
    </appender>

    <appender name="CSV" class="ch.qos.logback.core.rolling.RollingFileAppender">
        <file>${LOG_PATH}/csv-writing.log</file>
        <rollingPolicy class="ch.qos.logback.core.rolling.TimeBasedRollingPolicy">
            <fileNamePattern>${LOG_PATH}/csv-%d{yyyyMMdd}-%i.log</fileNamePattern>
            <MaxHistory>7</MaxHistory>
            <timeBasedFileNamingAndTriggeringPolicy class="ch.qos.logback.core.rolling.SizeAndTimeBasedFNATP">
                <maxFileSize>512kB</maxFileSize>
            </timeBasedFileNamingAndTriggeringPolicy>
        </rollingPolicy>
        <encoder class="ch.qos.logback.classic.encoder.PatternLayoutEncoder">
            <pattern>%msg%n</pattern>
        </encoder>
    </appender>

    <logger name="JSON" level="INFO" additivity="false">
        <appender-ref ref="JSON"/>
    </logger>

    <logger name="CSV" level="INFO" additivity="false">
        <appender-ref ref="CSV"/>
    </logger>

    <logger name="TEXT" level="INFO" additivity="false">
        <appender-ref ref="TEXT"/>
    </logger>

    <root level="INFO">
        <appender-ref ref="STDOUT"/>
        <appender-ref ref="TEXT"/>
    </root>

</configuration>